{
  "stats": {
    "suites": 1,
    "tests": 1,
    "passes": 1,
    "pending": 0,
    "failures": 0,
    "start": "2023-06-28T15:06:42.694Z",
    "end": "2023-06-28T15:06:47.045Z",
    "duration": 4351,
    "testsRegistered": 1,
    "passPercent": 100,
    "pendingPercent": 0,
    "other": 0,
    "hasOther": false,
    "skipped": 0,
    "hasSkipped": false
  },
  "results": [
    {
      "uuid": "7fc798b1-fd22-46f6-8d3d-db7326983c93",
      "title": "",
      "fullFile": "cypress\\e2e\\ALURAPIC\\alurapic.spec.login.cy.js",
      "file": "cypress\\e2e\\ALURAPIC\\alurapic.spec.login.cy.js",
      "beforeHooks": [],
      "afterHooks": [],
      "tests": [],
      "suites": [
        {
          "uuid": "fc58a5ce-9aa0-4bf9-9f08-1a213f9092cd",
          "title": "Login e registro de usuarios alura pic",
          "fullFile": "",
          "file": "",
          "beforeHooks": [],
          "afterHooks": [],
          "tests": [
            {
              "title": "fazer login de usuario valido",
              "fullTitle": "Login e registro de usuarios alura pic fazer login de usuario valido",
              "timedOut": null,
              "duration": 2257,
              "state": "passed",
              "speed": "fast",
              "pass": true,
              "fail": false,
              "pending": false,
              "context": null,
              "code": "cy.login(\"flavio\", \"123\");",
              "err": {},
              "uuid": "057767d7-6158-465a-ad37-c68c98303d34",
              "parentUUID": "fc58a5ce-9aa0-4bf9-9f08-1a213f9092cd",
              "isHook": false,
              "skipped": false
            }
          ],
          "suites": [],
          "passes": [
            "057767d7-6158-465a-ad37-c68c98303d34"
          ],
          "failures": [],
          "pending": [],
          "skipped": [],
          "duration": 2257,
          "root": false,
          "rootEmpty": false,
          "_timeout": 2000
        }
      ],
      "passes": [],
      "failures": [],
      "pending": [],
      "skipped": [],
      "duration": 0,
      "root": true,
      "rootEmpty": true,
      "_timeout": 2000
    }
  ],
  "meta": {
    "mocha": {
      "version": "7.0.1"
    },
    "mochawesome": {
      "options": {
        "quiet": false,
        "reportFilename": "mochawesome",
        "saveHtml": true,
        "saveJson": true,
        "consoleReporter": "spec",
        "useInlineDiffs": false,
        "code": true
      },
      "version": "7.1.3"
    },
    "marge": {
      "options": null,
      "version": "6.2.0"
    }
  }
}